<?xml version="1.0" encoding="UTF-8"?>
<!-- Generated by org.testng.reporters.JUnitReportReporter -->
<testsuite hostname="DESKTOP-BUK2US3" failures="0" tests="2" name="Pac3.orgTest" time="0.015" errors="0" timestamp="2024-07-30T17:51:18 IST" skipped="0">
  <testcase classname="Pac3.orgTest" name="modifyTest" time="0.011"/>
  <testcase classname="Pac3.orgTest" name="sampleTest" time="0.004"/>
</testsuite> <!-- Pac3.orgTest -->
